Starting project at /Users/kg_xxx/commit-app
Starting Metro Bundler
Waiting on http://localhost:8081
Logs for your project will appear below.
iOS ./index.js ░░░░░░░░░░░░░░░░  0.0% (0/1)
iOS Bundled 1054ms index.js (1486 modules)
 LOG  Auth state change: INITIAL_SESSION undefined
 WARN  SafeAreaView has been deprecated and will be removed in a future release. Please use 'react-native-safe-area-context' instead. See https://github.com/th3rdwave/react-native-safe-area-context
iOS ./index.js ░░░░░░░░░░░░░░░░  0.0% (0/1)
iOS Bundling failed 17975ms index.js (1 module)
iOS ./index.js ░░░░░░░░░░░░░░░░  0.0% (0/1)
 ERROR  SyntaxError: /Users/kg_xxx/commit-app/src/screens/CreateCommitmentScreen.tsx: Duplicate __self prop found. You are most likely using the deprecated transform-react-jsx-self Babel plugin. Both __source and __self are automatically set when using the automatic runtime. Please remove transform-react-jsx-source and transform-react-jsx-self from your Babel config.
   98 |       return (
   99 |         <View style={large ? styles.placeholderLarge : styles.placeholder}>
> 100 |           <Ionicons name="book-outline" size={large ? 48 : 32} color="#ccc" />
      |           ^^^^^^^^^^^^^^^^^^^^^^^^^^^^^^^^^^^^^^^^^^^^^^^^^^^^^^^^^^^^^^^^^^^^
  101 |         </View>
  102 |       );
  103 |     }
    at File.buildCodeFrameError (/Users/kg_xxx/commit-app/node_modules/@babel/core/lib/transformation/file/file.js:193:12)
    at NodePath.buildCodeFrameError (/Users/kg_xxx/commit-app/node_modules/@babel/traverse/lib/path/index.js:117:21)
    at sourceSelfError (/Users/kg_xxx/commit-app/node_modules/@babel/plugin-transform-react-jsx/lib/create-plugin.js:502:15)
    at buildJSXElementCall (/Users/kg_xxx/commit-app/node_modules/@babel/plugin-transform-react-jsx/lib/create-plugin.js:299:42)
    at PluginPass.exit (/Users/kg_xxx/commit-app/node_modules/@babel/plugin-transform-react-jsx/lib/create-plugin.js:168:26)
    at newFn (/Users/kg_xxx/commit-app/node_modules/@babel/traverse/lib/visitors.js:170:14)
    at NodePath._call (/Users/kg_xxx/commit-app/node_modules/@babel/traverse/lib/path/context.js:49:20)
    at NodePath.call (/Users/kg_xxx/commit-app/node_modules/@babel/traverse/lib/path/context.js:39:18)
    at NodePath.visit (/Users/kg_xxx/commit-app/node_modules/@babel/traverse/lib/path/context.js:96:8)
    at TraversalContext.visitQueue (/Users/kg_xxx/commit-app/node_modules/@babel/traverse/lib/context.js:91:16)
    at TraversalContext.visitMultiple (/Users/kg_xxx/commit-app/node_modules/@babel/traverse/lib/context.js:62:17)
    at TraversalContext.visit (/Users/kg_xxx/commit-app/node_modules/@babel/traverse/lib/context.js:113:19)
    at traverseNode (/Users/kg_xxx/commit-app/node_modules/@babel/traverse/lib/traverse-node.js:131:17)
    at NodePath.visit (/Users/kg_xxx/commit-app/node_modules/@babel/traverse/lib/path/context.js:94:52)
    at TraversalContext.visitQueue (/Users/kg_xxx/commit-app/node_modules/@babel/traverse/lib/context.js:91:16)
    at TraversalContext.visitSingle (/Users/kg_xxx/commit-app/node_modules/@babel/traverse/lib/context.js:66:19)
    at TraversalContext.visit (/Users/kg_xxx/commit-app/node_modules/@babel/traverse/lib/context.js:115:19)
    at traverseNode (/Users/kg_xxx/commit-app/node_modules/@babel/traverse/lib/traverse-node.js:131:17)
    at NodePath.visit (/Users/kg_xxx/commit-app/node_modules/@babel/traverse/lib/path/context.js:94:52)
    at TraversalContext.visitQueue (/Users/kg_xxx/commit-app/node_modules/@babel/traverse/lib/context.js:91:16)
    at TraversalContext.visitMultiple (/Users/kg_xxx/commit-app/node_modules/@babel/traverse/lib/context.js:62:17)
    at TraversalContext.visit (/Users/kg_xxx/commit-app/node_modules/@babel/traverse/lib/context.js:113:19)
    at traverseNode (/Users/kg_xxx/commit-app/node_modules/@babel/traverse/lib/traverse-node.js:131:17)
    at NodePath.visit (/Users/kg_xxx/commit-app/node_modules/@babel/traverse/lib/path/context.js:94:52)
    at TraversalContext.visitQueue (/Users/kg_xxx/commit-app/node_modules/@babel/traverse/lib/context.js:91:16)
    at TraversalContext.visitSingle (/Users/kg_xxx/commit-app/node_modules/@babel/traverse/lib/context.js:66:19)
    at TraversalContext.visit (/Users/kg_xxx/commit-app/node_modules/@babel/traverse/lib/context.js:115:19)
    at traverseNode (/Users/kg_xxx/commit-app/node_modules/@babel/traverse/lib/traverse-node.js:131:17)
    at NodePath.visit (/Users/kg_xxx/commit-app/node_modules/@babel/traverse/lib/path/context.js:94:52)
    at TraversalContext.visitQueue (/Users/kg_xxx/commit-app/node_modules/@babel/traverse/lib/context.js:91:16)
    at TraversalContext.visitMultiple (/Users/kg_xxx/commit-app/node_modules/@babel/traverse/lib/context.js:62:17)
    at TraversalContext.visit (/Users/kg_xxx/commit-app/node_modules/@babel/traverse/lib/context.js:113:19)
    at traverseNode (/Users/kg_xxx/commit-app/node_modules/@babel/traverse/lib/traverse-node.js:131:17)
    at NodePath.visit (/Users/kg_xxx/commit-app/node_modules/@babel/traverse/lib/path/context.js:94:52)
    at TraversalContext.visitQueue (/Users/kg_xxx/commit-app/node_modules/@babel/traverse/lib/context.js:91:16)
    at TraversalContext.visitSingle (/Users/kg_xxx/commit-app/node_modules/@babel/traverse/lib/context.js:66:19)
    at TraversalContext.visit (/Users/kg_xxx/commit-app/node_modules/@babel/traverse/lib/context.js:115:19)
    at traverseNode (/Users/kg_xxx/commit-app/node_modules/@babel/traverse/lib/traverse-node.js:131:17)
    at NodePath.visit (/Users/kg_xxx/commit-app/node_modules/@babel/traverse/lib/path/context.js:94:52)
    at TraversalContext.visitQueue (/Users/kg_xxx/commit-app/node_modules/@babel/traverse/lib/context.js:91:16)
    at TraversalContext.visitSingle (/Users/kg_xxx/commit-app/node_modules/@babel/traverse/lib/context.js:66:19)
    at TraversalContext.visit (/Users/kg_xxx/commit-app/node_modules/@babel/traverse/lib/context.js:115:19)
    at traverseNode (/Users/kg_xxx/commit-app/node_modules/@babel/traverse/lib/traverse-node.js:131:17)
    at NodePath.visit (/Users/kg_xxx/commit-app/node_modules/@babel/traverse/lib/path/context.js:94:52)
    at TraversalContext.visitQueue (/Users/kg_xxx/commit-app/node_modules/@babel/traverse/lib/context.js:91:16)
    at TraversalContext.visitMultiple (/Users/kg_xxx/commit-app/node_modules/@babel/traverse/lib/context.js:62:17)
    at TraversalContext.visit (/Users/kg_xxx/commit-app/node_modules/@babel/traverse/lib/context.js:113:19)
    at traverseNode (/Users/kg_xxx/commit-app/node_modules/@babel/traverse/lib/traverse-node.js:131:17)
    at NodePath.visit (/Users/kg_xxx/commit-app/node_modules/@babel/traverse/lib/path/context.js:94:52)
iOS ./index.js ░░░░░░░░░░░░░░░░  0.0% (0/1)
iOS Bundling failed 10640ms index.js (1 module)
iOS ./index.js ░░░░░░░░░░░░░░░░  0.0% (0/1)
 ERROR  SyntaxError: /Users/kg_xxx/commit-app/src/screens/CreateCommitmentScreen.tsx: Duplicate __self prop found. You are most likely using the deprecated transform-react-jsx-self Babel plugin. Both __source and __self are automatically set when using the automatic runtime. Please remove transform-react-jsx-source and transform-react-jsx-self from your Babel config.
  78 |     >
  79 |       {/* Top-left corner gradient */}
> 80 |       <LinearGradient
     |       ^
  81 |         colors={['rgba(0,0,0,0.8)', 'transparent']}
  82 |         start={{ x: 0, y: 0 }}
  83 |         end={{ x: 0.6, y: 0.6 }}
    at File.buildCodeFrameError (/Users/kg_xxx/commit-app/node_modules/@babel/core/lib/transformation/file/file.js:193:12)
    at NodePath.buildCodeFrameError (/Users/kg_xxx/commit-app/node_modules/@babel/traverse/lib/path/index.js:117:21)
    at sourceSelfError (/Users/kg_xxx/commit-app/node_modules/@babel/plugin-transform-react-jsx/lib/create-plugin.js:502:15)
    at buildJSXElementCall (/Users/kg_xxx/commit-app/node_modules/@babel/plugin-transform-react-jsx/lib/create-plugin.js:299:42)
    at PluginPass.exit (/Users/kg_xxx/commit-app/node_modules/@babel/plugin-transform-react-jsx/lib/create-plugin.js:168:26)
    at newFn (/Users/kg_xxx/commit-app/node_modules/@babel/traverse/lib/visitors.js:170:14)
    at NodePath._call (/Users/kg_xxx/commit-app/node_modules/@babel/traverse/lib/path/context.js:49:20)
    at NodePath.call (/Users/kg_xxx/commit-app/node_modules/@babel/traverse/lib/path/context.js:39:18)
    at NodePath.visit (/Users/kg_xxx/commit-app/node_modules/@babel/traverse/lib/path/context.js:96:8)
    at TraversalContext.visitQueue (/Users/kg_xxx/commit-app/node_modules/@babel/traverse/lib/context.js:91:16)
    at TraversalContext.visitMultiple (/Users/kg_xxx/commit-app/node_modules/@babel/traverse/lib/context.js:62:17)
    at TraversalContext.visit (/Users/kg_xxx/commit-app/node_modules/@babel/traverse/lib/context.js:113:19)
    at traverseNode (/Users/kg_xxx/commit-app/node_modules/@babel/traverse/lib/traverse-node.js:131:17)
    at NodePath.visit (/Users/kg_xxx/commit-app/node_modules/@babel/traverse/lib/path/context.js:94:52)
    at TraversalContext.visitQueue (/Users/kg_xxx/commit-app/node_modules/@babel/traverse/lib/context.js:91:16)
    at TraversalContext.visitSingle (/Users/kg_xxx/commit-app/node_modules/@babel/traverse/lib/context.js:66:19)
    at TraversalContext.visit (/Users/kg_xxx/commit-app/node_modules/@babel/traverse/lib/context.js:115:19)
    at traverseNode (/Users/kg_xxx/commit-app/node_modules/@babel/traverse/lib/traverse-node.js:131:17)
    at NodePath.visit (/Users/kg_xxx/commit-app/node_modules/@babel/traverse/lib/path/context.js:94:52)
    at TraversalContext.visitQueue (/Users/kg_xxx/commit-app/node_modules/@babel/traverse/lib/context.js:91:16)
    at TraversalContext.visitMultiple (/Users/kg_xxx/commit-app/node_modules/@babel/traverse/lib/context.js:62:17)
    at TraversalContext.visit (/Users/kg_xxx/commit-app/node_modules/@babel/traverse/lib/context.js:113:19)
    at traverseNode (/Users/kg_xxx/commit-app/node_modules/@babel/traverse/lib/traverse-node.js:131:17)
    at NodePath.visit (/Users/kg_xxx/commit-app/node_modules/@babel/traverse/lib/path/context.js:94:52)
    at TraversalContext.visitQueue (/Users/kg_xxx/commit-app/node_modules/@babel/traverse/lib/context.js:91:16)
    at TraversalContext.visitSingle (/Users/kg_xxx/commit-app/node_modules/@babel/traverse/lib/context.js:66:19)
    at TraversalContext.visit (/Users/kg_xxx/commit-app/node_modules/@babel/traverse/lib/context.js:115:19)
    at traverseNode (/Users/kg_xxx/commit-app/node_modules/@babel/traverse/lib/traverse-node.js:131:17)
    at NodePath.visit (/Users/kg_xxx/commit-app/node_modules/@babel/traverse/lib/path/context.js:94:52)
    at TraversalContext.visitQueue (/Users/kg_xxx/commit-app/node_modules/@babel/traverse/lib/context.js:91:16)
    at TraversalContext.visitSingle (/Users/kg_xxx/commit-app/node_modules/@babel/traverse/lib/context.js:66:19)
    at TraversalContext.visit (/Users/kg_xxx/commit-app/node_modules/@babel/traverse/lib/context.js:115:19)
    at traverseNode (/Users/kg_xxx/commit-app/node_modules/@babel/traverse/lib/traverse-node.js:131:17)
    at NodePath.visit (/Users/kg_xxx/commit-app/node_modules/@babel/traverse/lib/path/context.js:94:52)
    at TraversalContext.visitQueue (/Users/kg_xxx/commit-app/node_modules/@babel/traverse/lib/context.js:91:16)
    at TraversalContext.visitMultiple (/Users/kg_xxx/commit-app/node_modules/@babel/traverse/lib/context.js:62:17)
    at TraversalContext.visit (/Users/kg_xxx/commit-app/node_modules/@babel/traverse/lib/context.js:113:19)
    at traverseNode (/Users/kg_xxx/commit-app/node_modules/@babel/traverse/lib/traverse-node.js:131:17)
    at NodePath.visit (/Users/kg_xxx/commit-app/node_modules/@babel/traverse/lib/path/context.js:94:52)
    at TraversalContext.visitQueue (/Users/kg_xxx/commit-app/node_modules/@babel/traverse/lib/context.js:91:16)
    at TraversalContext.visitMultiple (/Users/kg_xxx/commit-app/node_modules/@babel/traverse/lib/context.js:62:17)
    at TraversalContext.visit (/Users/kg_xxx/commit-app/node_modules/@babel/traverse/lib/context.js:113:19)
    at traverseNode (/Users/kg_xxx/commit-app/node_modules/@babel/traverse/lib/traverse-node.js:131:17)
    at NodePath.visit (/Users/kg_xxx/commit-app/node_modules/@babel/traverse/lib/path/context.js:94:52)
    at TraversalContext.visitQueue (/Users/kg_xxx/commit-app/node_modules/@babel/traverse/lib/context.js:91:16)
    at TraversalContext.visitSingle (/Users/kg_xxx/commit-app/node_modules/@babel/traverse/lib/context.js:66:19)
    at TraversalContext.visit (/Users/kg_xxx/commit-app/node_modules/@babel/traverse/lib/context.js:115:19)
    at traverseNode (/Users/kg_xxx/commit-app/node_modules/@babel/traverse/lib/traverse-node.js:131:17)
    at traverse (/Users/kg_xxx/commit-app/node_modules/@babel/traverse/lib/index.js:53:34)
